app/mapping.txt
com.example.javris.andfix.MainActivity -> com.example.javris.andfix.MainActivity:
    android.widget.TextView mTextView -> a
    android.widget.Button mBtn -> b
    com.example.javris.andfix.util.VersionUpdateManager mVersionUpdateManager -> c
    com.example.javris.andfix.entity.VersionEntity mEntity -> d
    com.alipay.euler.andfix.patch.PatchManager mPatchManager -> e
    com.example.javris.andfix.util.PatchManagerUtil mPatchManagerUtil -> f
    android.os.Handler mHandler -> g
    30:39:void <init>() -> <init>
    59:72:void onCreate(android.os.Bundle) -> onCreate
    76:94:void checkUpdate() -> b
    98:113:void dealData(java.lang.String) -> a
    117:118:void test() -> a
    124:126:void onDestroy() -> onDestroy
    30:30:com.example.javris.andfix.util.VersionUpdateManager access$000(com.example.javris.andfix.MainActivity) -> a
    30:30:com.example.javris.andfix.util.PatchManagerUtil access$100(com.example.javris.andfix.MainActivity) -> b
    30:30:void access$200(com.example.javris.andfix.MainActivity,java.lang.String) -> a
com.example.javris.andfix.MainActivity$1 -> com.example.javris.andfix.a:
    com.example.javris.andfix.MainActivity this$0 -> a
    39:39:void <init>(com.example.javris.andfix.MainActivity) -> <init>
    42:53:void handleMessage(android.os.Message) -> handleMessage
com.example.javris.andfix.MainActivity$2 -> com.example.javris.andfix.b:
    com.example.javris.andfix.MainActivity this$0 -> a
    66:66:void <init>(com.example.javris.andfix.MainActivity) -> <init>
    69:70:void onClick(android.view.View) -> onClick
com.example.javris.andfix.MainActivity$3 -> com.example.javris.andfix.c:
    com.example.javris.andfix.MainActivity this$0 -> a
    83:83:void <init>(com.example.javris.andfix.MainActivity) -> <init>
    86:86:void onError(okhttp3.Call,java.lang.Exception,int) -> onError
    90:92:void onResponse(java.lang.String,int) -> a
    83:83:void onResponse(java.lang.Object,int) -> onResponse
com.example.javris.andfix.application.MyApplication -> com.example.javris.andfix.application.MyApplication:
    com.example.javris.andfix.util.PatchManagerUtil mPatchManagerUtil -> a
    16:16:void <init>() -> <init>
    22:25:void onCreate() -> onCreate
    28:33:void initOkhttp() -> b
    40:42:void initAndFix() -> a
com.example.javris.andfix.entity.VersionEntity -> com.example.javris.andfix.a.a:
    java.lang.String app_url -> a
    java.lang.String patch_url -> b
    java.lang.String version_code -> c
    java.lang.String version_patch -> d
    java.lang.String remark -> e
    java.lang.String version_type -> f
    12:13:void <init>() -> <init>
    16:24:void <init>(java.lang.String,java.lang.String,java.lang.String,java.lang.String,java.lang.String,java.lang.String) -> <init>
    28:28:java.lang.String toString() -> toString
com.example.javris.andfix.util.FileUtil -> com.example.javris.andfix.b.a:
    198:205:void createFolder(java.lang.String) -> a
    281:281:java.lang.String separatorReplace(java.lang.String) -> b
com.example.javris.andfix.util.PatchManagerUtil -> com.example.javris.andfix.b.b:
    com.example.javris.andfix.util.PatchManagerUtil mPatchManagerUtil -> a
    com.alipay.euler.andfix.patch.PatchManager mPatchManager -> b
    19:21:void <init>(android.content.Context) -> <init>
    31:36:com.example.javris.andfix.util.PatchManagerUtil getInstance(android.content.Context) -> a
    43:45:com.alipay.euler.andfix.patch.PatchManager getPatchManager() -> a
    56:63:void initPatch(android.content.Context) -> b
    70:80:void addPatch(java.lang.String) -> a
    91:98:java.lang.String getAppVersion(android.content.Context) -> c
...
android.support.v4.app.SupportActivity$ExtraData -> android.support.v4.app.SupportActivity$ExtraData:
    69:69:void <init>() -> <init>
android.support.v4.app.TaskStackBuilder -> android.support.v4.app.TaskStackBuilder:
    java.lang.String TAG -> TAG
    android.support.v4.app.TaskStackBuilder$TaskStackBuilderImpl IMPL -> IMPL
    java.util.ArrayList mIntents -> mIntents
    android.content.Context mSourceContext -> mSourceContext
    122:127:void <init>(android.content.Context) -> <init>
    137:137:android.support.v4.app.TaskStackBuilder create(android.content.Context) -> create
    151:151:android.support.v4.app.TaskStackBuilder from(android.content.Context) -> from
    162:163:android.support.v4.app.TaskStackBuilder addNextIntent(android.content.Intent) -> addNextIntent
    179:187:android.support.v4.app.TaskStackBuilder addNextIntentWithParentStack(android.content.Intent) -> addNextIntentWithParentStack
    198:216:android.support.v4.app.TaskStackBuilder addParentStack(android.app.Activity) -> addParentStack
    227:227:android.support.v4.app.TaskStackBuilder addParentStack(java.lang.Class) -> addParentStack
    239:250:android.support.v4.app.TaskStackBuilder addParentStack(android.content.ComponentName) -> addParentStack
    257:257:int getIntentCount() -> getIntentCount
    272:272:android.content.Intent getIntent(int) -> getIntent
    284:284:android.content.Intent editIntentAt(int) -> editIntentAt
    292:292:java.util.Iterator iterator() -> iterator
    304:305:void startActivities() -> startActivities
    319:333:void startActivities(android.os.Bundle) -> startActivities
android.support.v4.app.TaskStackBuilder$SupportParentable -> android.support.v4.app.TaskStackBuilder$SupportParentable:
    android.content.Intent getSupportParentActivityIntent() -> getSupportParentActivityIntent
android.support.v4.app.TaskStackBuilder$TaskStackBuilderImpl -> android.support.v4.app.TaskStackBuilder$TaskStackBuilderImpl:
    android.app.PendingIntent getPendingIntent(android.content.Context,android.content.Intent[],int,int,android.os.Bundle) -> getPendingIntent
android.support.v4.app.TaskStackBuilder$TaskStackBuilderImplBase -> android.support.v4.app.TaskStackBuilder$TaskStackBuilderImplBase:
    81:81:void <init>() -> <init>
    84:86:android.app.PendingIntent getPendingIntent(android.content.Context,android.content.Intent[],int,int,android.os.Bundle) -> getPendingIntent
android.support.v4.app.TaskStackBuilder$TaskStackBuilderImplHoneycomb -> android.support.v4.app.TaskStackBuilder$TaskStackBuilderImplHoneycomb:
    90:90:void <init>() -> <init>
    93:96:android.app.PendingIntent getPendingIntent(android.content.Context,android.content.Intent[],int,int,android.os.Bundle) -> getPendingIntent
android.support.v4.app.TaskStackBuilder$TaskStackBuilderImplJellybean -> android.support.v4.app.TaskStackBuilder$TaskStackBuilderImplJellybean:
    101:101:void <init>() -> <init>
    104:107:android.app.PendingIntent getPendingIntent(android.content.Context,android.content.Intent[],int,int,android.os.Bundle) -> getPendingIntent
android.support.v4.app.TaskStackBuilderHoneycomb -> android.support.v4.app.TaskStackBuilderHoneycomb:
    30:30:void <init>() -> <init>
    33:33:android.app.PendingIntent getActivitiesPendingIntent(android.content.Context,int,android.content.Intent[],int) -> getActivitiesPendingIntent
android.support.v4.app.TaskStackBuilderJellybean -> android.support.v4.app.TaskStackBuilderJellybean:
    28:28:void <init>() -> <init>
    32:32:android.app.PendingIntent getActivitiesPendingIntent(android.content.Context,int,android.content.Intent[],int,android.os.Bundle) -> getActivitiesPendingIntent